[0.027s] Invoking command in '/home/ritesh/rc-car/ros2/build/rslidar_sdk': CMAKE_PREFIX_PATH=${CMAKE_PREFIX_PATH}:/opt/ros/humble LD_LIBRARY_PATH=/home/ritesh/rc-car/ros2/install/rslidar_msg/lib:/home/ritesh/rc-car/ros2/install/eufs_msgs/lib:/home/ritesh/local_yaml_cpp/lib:/home/ritesh/local_libpcap/lib:/usr/lib/x86_64-linux-gnu/gazebo-11/plugins:/opt/ros/humble/opt/rviz_ogre_vendor/lib:/opt/ros/humble/lib/x86_64-linux-gnu:/opt/ros/humble/lib:/lib/hsl-install/lib /usr/bin/cmake /home/ritesh/rc-car/ros2/src/rslidar_sdk -DCMAKE_INSTALL_PREFIX=/home/ritesh/rc-car/ros2/install/rslidar_sdk
[0.079s] -- The C compiler identification is GNU 11.4.0
[0.141s] -- The CXX compiler identification is GNU 11.4.0
[0.153s] -- Detecting C compiler ABI info
[0.238s] -- Detecting C compiler ABI info - done
[0.245s] -- Check for working C compiler: /usr/bin/cc - skipped
[0.245s] -- Detecting C compile features
[0.246s] -- Detecting C compile features - done
[0.250s] -- Detecting CXX compiler ABI info
[0.350s] -- Detecting CXX compiler ABI info - done
[0.357s] -- Check for working CXX compiler: /usr/bin/c++ - skipped
[0.357s] -- Detecting CXX compile features
[0.358s] -- Detecting CXX compile features - done
[0.359s] [0m=============================================================[0m
[0.360s] [0m-- POINT_TYPE is XYZI[0m
[0.360s] [0m=============================================================[0m
[0.371s] [0m=============================================================[0m
[0.371s] [0m-- ROS Not Found. ROS Support is turned Off.[0m
[0.371s] [0m=============================================================[0m
[0.529s] -- Found Python3: /usr/bin/python3 (found version "3.10.12") found components: Interpreter 
[0.665s] -- Found rosidl_generator_c: 3.1.5 (/opt/ros/humble/share/rosidl_generator_c/cmake)
[0.671s] -- Found rosidl_adapter: 3.1.5 (/opt/ros/humble/share/rosidl_adapter/cmake)
[0.679s] -- Found rosidl_generator_cpp: 3.1.5 (/opt/ros/humble/share/rosidl_generator_cpp/cmake)
[0.692s] -- Using all available rosidl_typesupport_c: rosidl_typesupport_fastrtps_c;rosidl_typesupport_introspection_c
[0.709s] -- Using all available rosidl_typesupport_cpp: rosidl_typesupport_fastrtps_cpp;rosidl_typesupport_introspection_cpp
[0.755s] -- Found rmw_implementation_cmake: 6.1.2 (/opt/ros/humble/share/rmw_implementation_cmake/cmake)
[0.758s] -- Found rmw_fastrtps_cpp: 6.2.7 (/opt/ros/humble/share/rmw_fastrtps_cpp/cmake)
[0.848s] -- Found OpenSSL: /usr/lib/x86_64-linux-gnu/libcrypto.so (found version "3.0.2")  
[0.866s] -- Found FastRTPS: /opt/ros/humble/include  
[0.889s] -- Using RMW implementation 'rmw_fastrtps_cpp' as default
[0.900s] -- Looking for pthread.h
[0.996s] -- Looking for pthread.h - found
[0.996s] -- Performing Test CMAKE_HAVE_LIBC_PTHREAD
[1.083s] -- Performing Test CMAKE_HAVE_LIBC_PTHREAD - Success
[1.083s] -- Found Threads: TRUE  
[1.139s] [0m=============================================================[0m
[1.139s] [0m-- ROS2 Found. ROS2 Support is turned On.[0m
[1.139s] [0m=============================================================[0m
[1.140s] -- Found sensor_msgs: 4.2.4 (/opt/ros/humble/share/sensor_msgs/cmake)
[1.173s] -- Found rslidar_msg: 0.0.0 (/home/ritesh/rc-car/ros2/install/rslidar_msg/share/rslidar_msg/cmake)
[1.265s] -- Configuring done
[1.275s] -- Generating done
[1.277s] -- Build files have been written to: /home/ritesh/rc-car/ros2/build/rslidar_sdk
[1.288s] Invoked command in '/home/ritesh/rc-car/ros2/build/rslidar_sdk' returned '0': CMAKE_PREFIX_PATH=${CMAKE_PREFIX_PATH}:/opt/ros/humble LD_LIBRARY_PATH=/home/ritesh/rc-car/ros2/install/rslidar_msg/lib:/home/ritesh/rc-car/ros2/install/eufs_msgs/lib:/home/ritesh/local_yaml_cpp/lib:/home/ritesh/local_libpcap/lib:/usr/lib/x86_64-linux-gnu/gazebo-11/plugins:/opt/ros/humble/opt/rviz_ogre_vendor/lib:/opt/ros/humble/lib/x86_64-linux-gnu:/opt/ros/humble/lib:/lib/hsl-install/lib /usr/bin/cmake /home/ritesh/rc-car/ros2/src/rslidar_sdk -DCMAKE_INSTALL_PREFIX=/home/ritesh/rc-car/ros2/install/rslidar_sdk
[1.290s] Invoking command in '/home/ritesh/rc-car/ros2/build/rslidar_sdk': CMAKE_PREFIX_PATH=${CMAKE_PREFIX_PATH}:/opt/ros/humble LD_LIBRARY_PATH=/home/ritesh/rc-car/ros2/install/rslidar_msg/lib:/home/ritesh/rc-car/ros2/install/eufs_msgs/lib:/home/ritesh/local_yaml_cpp/lib:/home/ritesh/local_libpcap/lib:/usr/lib/x86_64-linux-gnu/gazebo-11/plugins:/opt/ros/humble/opt/rviz_ogre_vendor/lib:/opt/ros/humble/lib/x86_64-linux-gnu:/opt/ros/humble/lib:/lib/hsl-install/lib /usr/bin/cmake --build /home/ritesh/rc-car/ros2/build/rslidar_sdk -- -j8 -l8
[1.351s] [ 66%] [32mBuilding CXX object CMakeFiles/rslidar_sdk_node.dir/node/rslidar_sdk_node.cpp.o[0m
[1.352s] [ 66%] [32mBuilding CXX object CMakeFiles/rslidar_sdk_node.dir/src/manager/node_manager.cpp.o[0m
[1.537s] In file included from [01m[K/home/ritesh/rc-car/ros2/src/rslidar_sdk/src/utility/yaml_reader.hpp:37[m[K,
[1.537s]                  from [01m[K/home/ritesh/rc-car/ros2/src/rslidar_sdk/src/manager/node_manager.hpp:35[m[K,
[1.537s]                  from [01m[K/home/ritesh/rc-car/ros2/src/rslidar_sdk/src/manager/node_manager.cpp:33[m[K:
[1.537s] [01m[K/home/ritesh/rc-car/ros2/src/rslidar_sdk/src/utility/common.hpp:35:10:[m[K [01;31m[Kfatal error: [m[Krs_driver/common/rs_log.hpp: No such file or directory
[1.537s]    35 | #include [01;31m[K"rs_driver/common/rs_log.hpp"[m[K
[1.537s]       |          [01;31m[K^~~~~~~~~~~~~~~~~~~~~~~~~~~~~[m[K
[1.537s] compilation terminated.
[1.541s] gmake[2]: *** [CMakeFiles/rslidar_sdk_node.dir/build.make:90: CMakeFiles/rslidar_sdk_node.dir/src/manager/node_manager.cpp.o] Error 1
[1.541s] gmake[2]: *** Waiting for unfinished jobs....
[1.559s] In file included from [01m[K/home/ritesh/rc-car/ros2/src/rslidar_sdk/src/utility/yaml_reader.hpp:37[m[K,
[1.559s]                  from [01m[K/home/ritesh/rc-car/ros2/src/rslidar_sdk/src/manager/node_manager.hpp:35[m[K,
[1.559s]                  from [01m[K/home/ritesh/rc-car/ros2/src/rslidar_sdk/node/rslidar_sdk_node.cpp:33[m[K:
[1.559s] [01m[K/home/ritesh/rc-car/ros2/src/rslidar_sdk/src/utility/common.hpp:35:10:[m[K [01;31m[Kfatal error: [m[Krs_driver/common/rs_log.hpp: No such file or directory
[1.559s]    35 | #include [01;31m[K"rs_driver/common/rs_log.hpp"[m[K
[1.559s]       |          [01;31m[K^~~~~~~~~~~~~~~~~~~~~~~~~~~~~[m[K
[1.559s] compilation terminated.
[1.563s] gmake[2]: *** [CMakeFiles/rslidar_sdk_node.dir/build.make:76: CMakeFiles/rslidar_sdk_node.dir/node/rslidar_sdk_node.cpp.o] Error 1
[1.563s] gmake[1]: *** [CMakeFiles/Makefile2:137: CMakeFiles/rslidar_sdk_node.dir/all] Error 2
[1.563s] gmake: *** [Makefile:146: all] Error 2
[1.567s] Invoked command in '/home/ritesh/rc-car/ros2/build/rslidar_sdk' returned '2': CMAKE_PREFIX_PATH=${CMAKE_PREFIX_PATH}:/opt/ros/humble LD_LIBRARY_PATH=/home/ritesh/rc-car/ros2/install/rslidar_msg/lib:/home/ritesh/rc-car/ros2/install/eufs_msgs/lib:/home/ritesh/local_yaml_cpp/lib:/home/ritesh/local_libpcap/lib:/usr/lib/x86_64-linux-gnu/gazebo-11/plugins:/opt/ros/humble/opt/rviz_ogre_vendor/lib:/opt/ros/humble/lib/x86_64-linux-gnu:/opt/ros/humble/lib:/lib/hsl-install/lib /usr/bin/cmake --build /home/ritesh/rc-car/ros2/build/rslidar_sdk -- -j8 -l8
