-- The C compiler identification is GNU 11.4.0
-- The CXX compiler identification is GNU 11.4.0
-- Detecting C compiler ABI info
-- Detecting C compiler ABI info - done
-- Check for working C compiler: /usr/bin/cc - skipped
-- Detecting C compile features
-- Detecting C compile features - done
-- Detecting CXX compiler ABI info
-- Detecting CXX compiler ABI info - done
-- Check for working CXX compiler: /usr/bin/c++ - skipped
-- Detecting CXX compile features
-- Detecting CXX compile features - done
[0m=============================================================[0m
[0m-- POINT_TYPE is XYZI[0m
[0m=============================================================[0m
[0m=============================================================[0m
[0m-- ROS Not Found. ROS Support is turned Off.[0m
[0m=============================================================[0m
-- Found Python3: /usr/bin/python3 (found version "3.10.12") found components: Interpreter 
-- Found rosidl_generator_c: 3.1.5 (/opt/ros/humble/share/rosidl_generator_c/cmake)
-- Found rosidl_adapter: 3.1.5 (/opt/ros/humble/share/rosidl_adapter/cmake)
-- Found rosidl_generator_cpp: 3.1.5 (/opt/ros/humble/share/rosidl_generator_cpp/cmake)
-- Using all available rosidl_typesupport_c: rosidl_typesupport_fastrtps_c;rosidl_typesupport_introspection_c
-- Using all available rosidl_typesupport_cpp: rosidl_typesupport_fastrtps_cpp;rosidl_typesupport_introspection_cpp
-- Found rmw_implementation_cmake: 6.1.2 (/opt/ros/humble/share/rmw_implementation_cmake/cmake)
-- Found rmw_fastrtps_cpp: 6.2.7 (/opt/ros/humble/share/rmw_fastrtps_cpp/cmake)
-- Found OpenSSL: /usr/lib/x86_64-linux-gnu/libcrypto.so (found version "3.0.2")  
-- Found FastRTPS: /opt/ros/humble/include  
-- Using RMW implementation 'rmw_fastrtps_cpp' as default
-- Looking for pthread.h
-- Looking for pthread.h - found
-- Performing Test CMAKE_HAVE_LIBC_PTHREAD
-- Performing Test CMAKE_HAVE_LIBC_PTHREAD - Success
-- Found Threads: TRUE  
[0m=============================================================[0m
[0m-- ROS2 Found. ROS2 Support is turned On.[0m
[0m=============================================================[0m
-- Found sensor_msgs: 4.2.4 (/opt/ros/humble/share/sensor_msgs/cmake)
-- Found rslidar_msg: 0.0.0 (/home/ritesh/rc-car/ros2/install/rslidar_msg/share/rslidar_msg/cmake)
-- Configuring done
-- Generating done
-- Build files have been written to: /home/ritesh/rc-car/ros2/build/rslidar_sdk
[ 66%] [32mBuilding CXX object CMakeFiles/rslidar_sdk_node.dir/node/rslidar_sdk_node.cpp.o[0m
[ 66%] [32mBuilding CXX object CMakeFiles/rslidar_sdk_node.dir/src/manager/node_manager.cpp.o[0m
In file included from [01m[K/home/ritesh/rc-car/ros2/src/rslidar_sdk/src/utility/yaml_reader.hpp:37[m[K,
                 from [01m[K/home/ritesh/rc-car/ros2/src/rslidar_sdk/src/manager/node_manager.hpp:35[m[K,
                 from [01m[K/home/ritesh/rc-car/ros2/src/rslidar_sdk/node/rslidar_sdk_node.cpp:33[m[K:
[01m[K/home/ritesh/rc-car/ros2/src/rslidar_sdk/src/utility/common.hpp:35:10:[m[K [01;31m[Kfatal error: [m[Krs_driver/common/rs_log.hpp: No such file or directory
   35 | #include [01;31m[K"rs_driver/common/rs_log.hpp"[m[K
      |          [01;31m[K^~~~~~~~~~~~~~~~~~~~~~~~~~~~~[m[K
compilation terminated.
In file included from [01m[K/home/ritesh/rc-car/ros2/src/rslidar_sdk/src/utility/yaml_reader.hpp:37[m[K,
                 from [01m[K/home/ritesh/rc-car/ros2/src/rslidar_sdk/src/manager/node_manager.hpp:35[m[K,
                 from [01m[K/home/ritesh/rc-car/ros2/src/rslidar_sdk/src/manager/node_manager.cpp:33[m[K:
[01m[K/home/ritesh/rc-car/ros2/src/rslidar_sdk/src/utility/common.hpp:35:10:[m[K [01;31m[Kfatal error: [m[Krs_driver/common/rs_log.hpp: No such file or directory
   35 | #include [01;31m[K"rs_driver/common/rs_log.hpp"[m[K
      |          [01;31m[K^~~~~~~~~~~~~~~~~~~~~~~~~~~~~[m[K
compilation terminated.
gmake[2]: *** [CMakeFiles/rslidar_sdk_node.dir/build.make:76: CMakeFiles/rslidar_sdk_node.dir/node/rslidar_sdk_node.cpp.o] Error 1
gmake[2]: *** Waiting for unfinished jobs....
gmake[2]: *** [CMakeFiles/rslidar_sdk_node.dir/build.make:90: CMakeFiles/rslidar_sdk_node.dir/src/manager/node_manager.cpp.o] Error 1
gmake[1]: *** [CMakeFiles/Makefile2:137: CMakeFiles/rslidar_sdk_node.dir/all] Error 2
gmake: *** [Makefile:146: all] Error 2
