[0.022s] Invoking command in '/home/ritesh/rc-car/ros2/build/rslidar_sdk': AMENT_PREFIX_PATH=/home/ritesh/rc-car/ros2/install/rslidar_msg:${AMENT_PREFIX_PATH} CMAKE_PREFIX_PATH=/home/ritesh/rc-car/ros2/install/rslidar_msg:/opt/ros/humble LD_LIBRARY_PATH=/home/ritesh/rc-car/ros2/install/rslidar_msg/lib:/home/ritesh/local_yaml_cpp/lib:/home/ritesh/local_libpcap/lib:/usr/lib/x86_64-linux-gnu/gazebo-11/plugins:/opt/ros/humble/opt/rviz_ogre_vendor/lib:/opt/ros/humble/lib/x86_64-linux-gnu:/opt/ros/humble/lib:/lib/hsl-install/lib PYTHONPATH=/home/ritesh/rc-car/ros2/install/rslidar_msg/local/lib/python3.10/dist-packages:${PYTHONPATH} /usr/bin/cmake --build /home/ritesh/rc-car/ros2/build/rslidar_sdk -- -j8 -l8
[0.085s] [ 33%] [32mBuilding CXX object CMakeFiles/rslidar_sdk_node.dir/src/manager/node_manager.cpp.o[0m
[0.091s] [ 66%] [32mBuilding CXX object CMakeFiles/rslidar_sdk_node.dir/node/rslidar_sdk_node.cpp.o[0m
[0.308s] In file included from [01m[K/home/ritesh/rc-car/ros2/src/rslidar_sdk/src/utility/yaml_reader.hpp:37[m[K,
[0.308s]                  from [01m[K/home/ritesh/rc-car/ros2/src/rslidar_sdk/src/manager/node_manager.hpp:35[m[K,
[0.308s]                  from [01m[K/home/ritesh/rc-car/ros2/src/rslidar_sdk/src/manager/node_manager.cpp:33[m[K:
[0.308s] [01m[K/home/ritesh/rc-car/ros2/src/rslidar_sdk/src/utility/common.hpp:35:10:[m[K [01;31m[Kfatal error: [m[Krs_driver/common/rs_log.hpp: No such file or directory
[0.308s]    35 | #include [01;31m[K"rs_driver/common/rs_log.hpp"[m[K
[0.308s]       |          [01;31m[K^~~~~~~~~~~~~~~~~~~~~~~~~~~~~[m[K
[0.308s] compilation terminated.
[0.320s] gmake[2]: *** [CMakeFiles/rslidar_sdk_node.dir/build.make:90: CMakeFiles/rslidar_sdk_node.dir/src/manager/node_manager.cpp.o] Error 1
[0.320s] gmake[2]: *** Waiting for unfinished jobs....
[0.337s] In file included from [01m[K/home/ritesh/rc-car/ros2/src/rslidar_sdk/src/utility/yaml_reader.hpp:37[m[K,
[0.337s]                  from [01m[K/home/ritesh/rc-car/ros2/src/rslidar_sdk/src/manager/node_manager.hpp:35[m[K,
[0.337s]                  from [01m[K/home/ritesh/rc-car/ros2/src/rslidar_sdk/node/rslidar_sdk_node.cpp:33[m[K:
[0.337s] [01m[K/home/ritesh/rc-car/ros2/src/rslidar_sdk/src/utility/common.hpp:35:10:[m[K [01;31m[Kfatal error: [m[Krs_driver/common/rs_log.hpp: No such file or directory
[0.337s]    35 | #include [01;31m[K"rs_driver/common/rs_log.hpp"[m[K
[0.337s]       |          [01;31m[K^~~~~~~~~~~~~~~~~~~~~~~~~~~~~[m[K
[0.337s] compilation terminated.
[0.343s] gmake[2]: *** [CMakeFiles/rslidar_sdk_node.dir/build.make:76: CMakeFiles/rslidar_sdk_node.dir/node/rslidar_sdk_node.cpp.o] Error 1
[0.343s] gmake[1]: *** [CMakeFiles/Makefile2:137: CMakeFiles/rslidar_sdk_node.dir/all] Error 2
[0.343s] gmake: *** [Makefile:146: all] Error 2
[0.346s] Invoked command in '/home/ritesh/rc-car/ros2/build/rslidar_sdk' returned '2': AMENT_PREFIX_PATH=/home/ritesh/rc-car/ros2/install/rslidar_msg:${AMENT_PREFIX_PATH} CMAKE_PREFIX_PATH=/home/ritesh/rc-car/ros2/install/rslidar_msg:/opt/ros/humble LD_LIBRARY_PATH=/home/ritesh/rc-car/ros2/install/rslidar_msg/lib:/home/ritesh/local_yaml_cpp/lib:/home/ritesh/local_libpcap/lib:/usr/lib/x86_64-linux-gnu/gazebo-11/plugins:/opt/ros/humble/opt/rviz_ogre_vendor/lib:/opt/ros/humble/lib/x86_64-linux-gnu:/opt/ros/humble/lib:/lib/hsl-install/lib PYTHONPATH=/home/ritesh/rc-car/ros2/install/rslidar_msg/local/lib/python3.10/dist-packages:${PYTHONPATH} /usr/bin/cmake --build /home/ritesh/rc-car/ros2/build/rslidar_sdk -- -j8 -l8
