[0.023s] Invoking command in '/home/ritesh/rc-car/ros2ws/build/rslidar_sdk': AMENT_PREFIX_PATH=/home/ritesh/rc-car/ros2ws/install/rslidar_msg:${AMENT_PREFIX_PATH} CMAKE_PREFIX_PATH=/home/ritesh/rc-car/ros2ws/install/rslidar_msg:/home/ritesh/rc-car/ros2ws/install/eufs_msgs:/opt/ros/humble LD_LIBRARY_PATH=/home/ritesh/rc-car/ros2ws/install/rslidar_msg/lib:/home/ritesh/rc-car/ros2ws/install/eufs_msgs/lib:/usr/lib/x86_64-linux-gnu/gazebo-11/plugins:/opt/ros/humble/opt/rviz_ogre_vendor/lib:/opt/ros/humble/lib/x86_64-linux-gnu:/opt/ros/humble/lib:/lib/hsl-install/lib PYTHONPATH=/home/ritesh/rc-car/ros2ws/install/rslidar_msg/local/lib/python3.10/dist-packages:${PYTHONPATH} /usr/bin/cmake /home/ritesh/rc-car/ros2ws/src/rslidar_sdk -DCMAKE_INSTALL_PREFIX=/home/ritesh/rc-car/ros2ws/install/rslidar_sdk
[0.034s] [0m=============================================================[0m
[0.034s] [0m-- POINT_TYPE is XYZI[0m
[0.034s] [0m=============================================================[0m
[0.045s] [0m=============================================================[0m
[0.047s] [0m-- ROS Not Found. ROS Support is turned Off.[0m
[0.047s] [0m=============================================================[0m
[0.226s] -- Found rosidl_generator_c: 3.1.5 (/opt/ros/humble/share/rosidl_generator_c/cmake)
[0.229s] -- Found rosidl_adapter: 3.1.5 (/opt/ros/humble/share/rosidl_adapter/cmake)
[0.239s] -- Found rosidl_generator_cpp: 3.1.5 (/opt/ros/humble/share/rosidl_generator_cpp/cmake)
[0.247s] -- Using all available rosidl_typesupport_c: rosidl_typesupport_fastrtps_c;rosidl_typesupport_introspection_c
[0.263s] -- Using all available rosidl_typesupport_cpp: rosidl_typesupport_fastrtps_cpp;rosidl_typesupport_introspection_cpp
[0.297s] -- Found rmw_implementation_cmake: 6.1.2 (/opt/ros/humble/share/rmw_implementation_cmake/cmake)
[0.298s] -- Found rmw_fastrtps_cpp: 6.2.7 (/opt/ros/humble/share/rmw_fastrtps_cpp/cmake)
[0.367s] -- Using RMW implementation 'rmw_fastrtps_cpp' as default
[0.418s] [0m=============================================================[0m
[0.418s] [0m-- ROS2 Found. ROS2 Support is turned On.[0m
[0.418s] [0m=============================================================[0m
[0.418s] -- Found sensor_msgs: 4.2.4 (/opt/ros/humble/share/sensor_msgs/cmake)
[0.451s] -- Found rslidar_msg: 0.0.0 (/home/ritesh/rc-car/ros2ws/install/rslidar_msg/share/rslidar_msg/cmake)
[0.480s] [0m=============================================================[0m
[0.480s] [0m-- CMake run for UNIX GNU Compiler[0m
[0.480s] [0m=============================================================[0m
[0.480s] [0m=============================================================[0m
[0.481s] [0m-- rs_driver Version : v1.5.16[0m
[0.481s] [0m=============================================================[0m
[0.558s] -- Configuring done
[0.575s] -- Generating done
[0.579s] -- Build files have been written to: /home/ritesh/rc-car/ros2ws/build/rslidar_sdk
[0.591s] Invoked command in '/home/ritesh/rc-car/ros2ws/build/rslidar_sdk' returned '0': AMENT_PREFIX_PATH=/home/ritesh/rc-car/ros2ws/install/rslidar_msg:${AMENT_PREFIX_PATH} CMAKE_PREFIX_PATH=/home/ritesh/rc-car/ros2ws/install/rslidar_msg:/home/ritesh/rc-car/ros2ws/install/eufs_msgs:/opt/ros/humble LD_LIBRARY_PATH=/home/ritesh/rc-car/ros2ws/install/rslidar_msg/lib:/home/ritesh/rc-car/ros2ws/install/eufs_msgs/lib:/usr/lib/x86_64-linux-gnu/gazebo-11/plugins:/opt/ros/humble/opt/rviz_ogre_vendor/lib:/opt/ros/humble/lib/x86_64-linux-gnu:/opt/ros/humble/lib:/lib/hsl-install/lib PYTHONPATH=/home/ritesh/rc-car/ros2ws/install/rslidar_msg/local/lib/python3.10/dist-packages:${PYTHONPATH} /usr/bin/cmake /home/ritesh/rc-car/ros2ws/src/rslidar_sdk -DCMAKE_INSTALL_PREFIX=/home/ritesh/rc-car/ros2ws/install/rslidar_sdk
[0.594s] Invoking command in '/home/ritesh/rc-car/ros2ws/build/rslidar_sdk': AMENT_PREFIX_PATH=/home/ritesh/rc-car/ros2ws/install/rslidar_msg:${AMENT_PREFIX_PATH} CMAKE_PREFIX_PATH=/home/ritesh/rc-car/ros2ws/install/rslidar_msg:/home/ritesh/rc-car/ros2ws/install/eufs_msgs:/opt/ros/humble LD_LIBRARY_PATH=/home/ritesh/rc-car/ros2ws/install/rslidar_msg/lib:/home/ritesh/rc-car/ros2ws/install/eufs_msgs/lib:/usr/lib/x86_64-linux-gnu/gazebo-11/plugins:/opt/ros/humble/opt/rviz_ogre_vendor/lib:/opt/ros/humble/lib/x86_64-linux-gnu:/opt/ros/humble/lib:/lib/hsl-install/lib PYTHONPATH=/home/ritesh/rc-car/ros2ws/install/rslidar_msg/local/lib/python3.10/dist-packages:${PYTHONPATH} /usr/bin/cmake --build /home/ritesh/rc-car/ros2ws/build/rslidar_sdk -- -j8 -l8
[0.660s] [ 33%] [32mBuilding CXX object CMakeFiles/rslidar_sdk_node.dir/node/rslidar_sdk_node.cpp.o[0m
[0.670s] [ 66%] [32mBuilding CXX object CMakeFiles/rslidar_sdk_node.dir/src/manager/node_manager.cpp.o[0m
[1.003s] In file included from [01m[K/home/ritesh/rc-car/ros2ws/src/rslidar_sdk/src/rs_driver/src/rs_driver/driver/input/input_factory.hpp:42[m[K,
[1.004s]                  from [01m[K/home/ritesh/rc-car/ros2ws/src/rslidar_sdk/src/rs_driver/src/rs_driver/driver/lidar_driver_impl.hpp:41[m[K,
[1.004s]                  from [01m[K/home/ritesh/rc-car/ros2ws/src/rslidar_sdk/src/rs_driver/src/rs_driver/api/lidar_driver.hpp:35[m[K,
[1.004s]                  from [01m[K/home/ritesh/rc-car/ros2ws/src/rslidar_sdk/src/source/source_driver.hpp:37[m[K,
[1.004s]                  from [01m[K/home/ritesh/rc-car/ros2ws/src/rslidar_sdk/src/manager/node_manager.cpp:34[m[K:
[1.004s] [01m[K/home/ritesh/rc-car/ros2ws/src/rslidar_sdk/src/rs_driver/src/rs_driver/driver/input/input_pcap.hpp:43:10:[m[K [01;31m[Kfatal error: [m[Kpcap.h: No such file or directory
[1.004s]    43 | #include [01;31m[K<pcap.h>[m[K
[1.004s]       |          [01;31m[K^~~~~~~~[m[K
[1.004s] compilation terminated.
[1.007s] gmake[2]: *** [CMakeFiles/rslidar_sdk_node.dir/build.make:90: CMakeFiles/rslidar_sdk_node.dir/src/manager/node_manager.cpp.o] Error 1
[1.007s] gmake[2]: *** Waiting for unfinished jobs....
[4.319s] gmake[1]: *** [CMakeFiles/Makefile2:154: CMakeFiles/rslidar_sdk_node.dir/all] Error 2
[4.319s] gmake: *** [Makefile:146: all] Error 2
[4.321s] Invoked command in '/home/ritesh/rc-car/ros2ws/build/rslidar_sdk' returned '2': AMENT_PREFIX_PATH=/home/ritesh/rc-car/ros2ws/install/rslidar_msg:${AMENT_PREFIX_PATH} CMAKE_PREFIX_PATH=/home/ritesh/rc-car/ros2ws/install/rslidar_msg:/home/ritesh/rc-car/ros2ws/install/eufs_msgs:/opt/ros/humble LD_LIBRARY_PATH=/home/ritesh/rc-car/ros2ws/install/rslidar_msg/lib:/home/ritesh/rc-car/ros2ws/install/eufs_msgs/lib:/usr/lib/x86_64-linux-gnu/gazebo-11/plugins:/opt/ros/humble/opt/rviz_ogre_vendor/lib:/opt/ros/humble/lib/x86_64-linux-gnu:/opt/ros/humble/lib:/lib/hsl-install/lib PYTHONPATH=/home/ritesh/rc-car/ros2ws/install/rslidar_msg/local/lib/python3.10/dist-packages:${PYTHONPATH} /usr/bin/cmake --build /home/ritesh/rc-car/ros2ws/build/rslidar_sdk -- -j8 -l8
